mode: set
realworld-backend/users/middlewares.go:13.67,15.59 1 1
realworld-backend/users/middlewares.go:15.59,17.3 1 1
realworld-backend/users/middlewares.go:18.2,18.17 1 1
realworld-backend/users/middlewares.go:36.62,38.21 2 1
realworld-backend/users/middlewares.go:38.21,41.3 2 1
realworld-backend/users/middlewares.go:42.2,43.37 2 1
realworld-backend/users/middlewares.go:48.51,49.30 1 1
realworld-backend/users/middlewares.go:49.30,51.115 2 1
realworld-backend/users/middlewares.go:51.115,54.4 2 1
realworld-backend/users/middlewares.go:55.3,55.17 1 1
realworld-backend/users/middlewares.go:55.17,56.15 1 1
realworld-backend/users/middlewares.go:56.15,58.5 1 1
realworld-backend/users/middlewares.go:59.4,59.10 1 1
realworld-backend/users/middlewares.go:61.3,61.68 1 1
realworld-backend/users/middlewares.go:61.68,65.4 2 1
realworld-backend/users/models.go:43.20,48.2 3 1
realworld-backend/users/models.go:54.56,55.24 1 1
realworld-backend/users/models.go:55.24,57.3 1 1
realworld-backend/users/models.go:58.2,62.12 4 1
realworld-backend/users/models.go:67.58,71.2 3 1
realworld-backend/users/models.go:75.60,80.2 4 1
realworld-backend/users/models.go:84.38,88.2 3 1
realworld-backend/users/models.go:92.56,96.2 3 1
realworld-backend/users/models.go:100.49,108.2 4 1
realworld-backend/users/models.go:112.50,120.2 4 1
realworld-backend/users/models.go:124.51,131.2 3 1
realworld-backend/users/models.go:135.48,143.33 6 1
realworld-backend/users/models.go:143.33,147.3 3 1
realworld-backend/users/models.go:148.2,149.19 2 1
realworld-backend/users/routers.go:10.45,13.2 2 1
realworld-backend/users/routers.go:15.44,18.2 2 1
realworld-backend/users/routers.go:20.47,24.2 3 1
realworld-backend/users/routers.go:26.38,29.16 3 1
realworld-backend/users/routers.go:29.16,32.3 2 1
realworld-backend/users/routers.go:33.2,34.71 2 1
realworld-backend/users/routers.go:37.36,40.16 3 1
realworld-backend/users/routers.go:40.16,43.3 2 1
realworld-backend/users/routers.go:44.2,46.16 3 1
realworld-backend/users/routers.go:46.16,49.3 2 1
realworld-backend/users/routers.go:50.2,51.64 2 1
realworld-backend/users/routers.go:54.38,57.16 3 1
realworld-backend/users/routers.go:57.16,60.3 2 1
realworld-backend/users/routers.go:61.2,64.16 3 1
realworld-backend/users/routers.go:64.16,67.3 2 1
realworld-backend/users/routers.go:68.2,69.64 2 1
realworld-backend/users/routers.go:72.40,74.51 2 1
realworld-backend/users/routers.go:74.51,77.3 2 1
realworld-backend/users/routers.go:79.2,79.63 1 1
realworld-backend/users/routers.go:79.63,82.3 2 1
realworld-backend/users/routers.go:83.2,85.66 3 1
realworld-backend/users/routers.go:88.33,90.47 2 1
realworld-backend/users/routers.go:90.47,93.3 2 1
realworld-backend/users/routers.go:94.2,96.16 2 1
realworld-backend/users/routers.go:96.16,99.3 2 1
realworld-backend/users/routers.go:101.2,101.66 1 1
realworld-backend/users/routers.go:101.66,104.3 2 1
realworld-backend/users/routers.go:105.2,107.61 3 1
realworld-backend/users/routers.go:110.35,113.2 2 1
realworld-backend/users/routers.go:115.33,118.51 3 1
realworld-backend/users/routers.go:118.51,121.3 2 1
realworld-backend/users/routers.go:123.2,124.73 2 1
realworld-backend/users/routers.go:124.73,127.3 2 1
realworld-backend/users/routers.go:128.2,130.61 3 1
realworld-backend/users/serializers.go:24.59,34.2 3 1
realworld-backend/users/serializers.go:48.53,58.2 3 1
realworld-backend/users/validators.go:26.60,28.16 2 1
realworld-backend/users/validators.go:28.16,30.3 1 1
realworld-backend/users/validators.go:31.2,35.51 4 1
realworld-backend/users/validators.go:35.51,37.3 1 1
realworld-backend/users/validators.go:38.2,38.27 1 1
realworld-backend/users/validators.go:38.27,40.3 1 1
realworld-backend/users/validators.go:41.2,41.12 1 1
realworld-backend/users/validators.go:45.49,49.2 2 1
realworld-backend/users/validators.go:51.76,58.28 6 1
realworld-backend/users/validators.go:58.28,60.3 1 1
realworld-backend/users/validators.go:61.2,61.27 1 1
realworld-backend/users/validators.go:72.56,74.16 2 1
realworld-backend/users/validators.go:74.16,76.3 1 1
realworld-backend/users/validators.go:78.2,79.12 2 1
realworld-backend/users/validators.go:83.41,86.2 2 1
